<?xml version="1.0" encoding="UTF-8"?>
<testng-results skipped="0" failed="0" ignored="0" total="1" passed="1">
  <reporter-output>
  </reporter-output>
  <suite name="Default suite" duration-ms="59975" started-at="2018-12-30T10:59:26Z" finished-at="2018-12-30T11:00:26Z">
    <groups>
    </groups>
    <test name="Default test" duration-ms="59975" started-at="2018-12-30T10:59:26Z" finished-at="2018-12-30T11:00:26Z">
      <class name="stepDefination.LaunchApplication">
        <test-method status="PASS" signature="launchApplicationTest()[pri:0, instance:stepDefination.LaunchApplication@3d51f06e]" name="launchApplicationTest" duration-ms="59898" started-at="2018-12-30T10:59:26Z" finished-at="2018-12-30T11:00:26Z">
          <reporter-output>
          </reporter-output>
        </test-method> <!-- launchApplicationTest -->
      </class> <!-- stepDefination.LaunchApplication -->
    </test> <!-- Default test -->
  </suite> <!-- Default suite -->
</testng-results>
